android/app/build/intermediates/manifest_merge_blame_file/debug/manifest-merger-blame-debug-report.txt
1<?xml version="1.0" encoding="utf-8"?>
2<manifest xmlns:android="http://schemas.android.com/apk/res/android"
3    package="com.nuchin"
4    android:versionCode="1"
5    android:versionName="1.0" >
6
7    <uses-sdk
8        android:minSdkVersion="21"
9        android:targetSdkVersion="31" />
10
11    <uses-permission android:name="android.permission.SYSTEM_ALERT_WINDOW" />
11-->src\debug\AndroidManifest.xml:5:5-77
11-->src\debug\AndroidManifest.xml:5:22-75
12    <uses-permission android:name="android.permission.INTERNET" />
12-->src\main\AndroidManifest.xml:3:3-65
12-->src\main\AndroidManifest.xml:3:20-62
13    <uses-permission android:name="android.permission.ACCESS_WIFI_STATE" /> <!-- Include required permissions for Google Maps API to run. -->
13-->[com.facebook.flipper:flipper:0.125.0] AndroidManifest.xml:16:5-76
13-->[com.facebook.flipper:flipper:0.125.0] AndroidManifest.xml:16:22-73
14    <uses-permission android:name="android.permission.ACCESS_NETWORK_STATE" />
14-->[com.google.android.gms:play-services-maps:18.0.2] AndroidManifest.xml:23:5-79
14-->[com.google.android.gms:play-services-maps:18.0.2] AndroidManifest.xml:23:22-76
15
16    <uses-feature
16-->[com.google.android.gms:play-services-maps:18.0.2] AndroidManifest.xml:26:5-28:35
17        android:glEsVersion="0x00020000"
17-->[com.google.android.gms:play-services-maps:18.0.2] AndroidManifest.xml:27:9-41
18        android:required="true" />
18-->[com.google.android.gms:play-services-maps:18.0.2] AndroidManifest.xml:28:9-32
19
20    <queries>
20-->[com.google.android.gms:play-services-maps:18.0.2] AndroidManifest.xml:30:5-34:15
21
22        <!-- Needs to be explicitly declared on Android R+ -->
23        <package android:name="com.google.android.apps.maps" />
23-->[com.google.android.gms:play-services-maps:18.0.2] AndroidManifest.xml:33:9-64
23-->[com.google.android.gms:play-services-maps:18.0.2] AndroidManifest.xml:33:18-61
24    </queries>
25
26    <uses-permission android:name="android.permission.WAKE_LOCK" />
26-->[androidx.work:work-runtime:2.7.1] AndroidManifest.xml:25:5-68
26-->[androidx.work:work-runtime:2.7.1] AndroidManifest.xml:25:22-65
27    <uses-permission android:name="android.permission.RECEIVE_BOOT_COMPLETED" />
27-->[androidx.work:work-runtime:2.7.1] AndroidManifest.xml:27:5-81
27-->[androidx.work:work-runtime:2.7.1] AndroidManifest.xml:27:22-78
28    <uses-permission android:name="android.permission.FOREGROUND_SERVICE" /> <!-- Required by older versions of Google Play services to create IID tokens -->
28-->[androidx.work:work-runtime:2.7.1] AndroidManifest.xml:28:5-77
28-->[androidx.work:work-runtime:2.7.1] AndroidManifest.xml:28:22-74
29    <uses-permission android:name="com.google.android.c2dm.permission.RECEIVE" />
29-->[com.google.firebase:firebase-messaging:21.1.0] AndroidManifest.xml:25:5-82
29-->[com.google.firebase:firebase-messaging:21.1.0] AndroidManifest.xml:25:22-79
30    <uses-permission android:name="com.google.android.finsky.permission.BIND_GET_INSTALL_REFERRER_SERVICE" /> <!-- for android -->
30-->[com.google.android.gms:play-services-measurement:17.3.0] AndroidManifest.xml:26:5-110
30-->[com.google.android.gms:play-services-measurement:17.3.0] AndroidManifest.xml:26:22-107
31    <!-- <uses-permission android:name="com.android.launcher.permission.READ_SETTINGS"/> -->
32    <!-- <uses-permission android:name="com.android.launcher.permission.WRITE_SETTINGS"/> -->
33    <!-- <uses-permission android:name="com.android.launcher.permission.INSTALL_SHORTCUT" /> -->
34    <!-- <uses-permission android:name="com.android.launcher.permission.UNINSTALL_SHORTCUT" /> -->
35    <!-- for Samsung -->
36    <uses-permission android:name="com.sec.android.provider.badge.permission.READ" />
36-->[me.leolin:ShortcutBadger:1.1.22] AndroidManifest.xml:19:5-86
36-->[me.leolin:ShortcutBadger:1.1.22] AndroidManifest.xml:19:22-83
37    <uses-permission android:name="com.sec.android.provider.badge.permission.WRITE" /> <!-- for htc -->
37-->[me.leolin:ShortcutBadger:1.1.22] AndroidManifest.xml:20:5-87
37-->[me.leolin:ShortcutBadger:1.1.22] AndroidManifest.xml:20:22-84
38    <uses-permission android:name="com.htc.launcher.permission.READ_SETTINGS" />
38-->[me.leolin:ShortcutBadger:1.1.22] AndroidManifest.xml:23:5-81
38-->[me.leolin:ShortcutBadger:1.1.22] AndroidManifest.xml:23:22-78
39    <uses-permission android:name="com.htc.launcher.permission.UPDATE_SHORTCUT" /> <!-- for sony -->
39-->[me.leolin:ShortcutBadger:1.1.22] AndroidManifest.xml:24:5-83
39-->[me.leolin:ShortcutBadger:1.1.22] AndroidManifest.xml:24:22-80
40    <uses-permission android:name="com.sonyericsson.home.permission.BROADCAST_BADGE" />
40-->[me.leolin:ShortcutBadger:1.1.22] AndroidManifest.xml:27:5-88
40-->[me.leolin:ShortcutBadger:1.1.22] AndroidManifest.xml:27:22-85
41    <uses-permission android:name="com.sonymobile.home.permission.PROVIDER_INSERT_BADGE" /> <!-- for apex -->
41-->[me.leolin:ShortcutBadger:1.1.22] AndroidManifest.xml:28:5-92
41-->[me.leolin:ShortcutBadger:1.1.22] AndroidManifest.xml:28:22-89
42    <uses-permission android:name="com.anddoes.launcher.permission.UPDATE_COUNT" /> <!-- for solid -->
42-->[me.leolin:ShortcutBadger:1.1.22] AndroidManifest.xml:31:5-84
42-->[me.leolin:ShortcutBadger:1.1.22] AndroidManifest.xml:31:22-81
43    <uses-permission android:name="com.majeur.launcher.permission.UPDATE_BADGE" /> <!-- for huawei -->
43-->[me.leolin:ShortcutBadger:1.1.22] AndroidManifest.xml:34:5-83
43-->[me.leolin:ShortcutBadger:1.1.22] AndroidManifest.xml:34:22-80
44    <uses-permission android:name="com.huawei.android.launcher.permission.CHANGE_BADGE" />
44-->[me.leolin:ShortcutBadger:1.1.22] AndroidManifest.xml:37:5-91
44-->[me.leolin:ShortcutBadger:1.1.22] AndroidManifest.xml:37:22-88
45    <uses-permission android:name="com.huawei.android.launcher.permission.READ_SETTINGS" />
45-->[me.leolin:ShortcutBadger:1.1.22] AndroidManifest.xml:38:5-92
45-->[me.leolin:ShortcutBadger:1.1.22] AndroidManifest.xml:38:22-89
46    <uses-permission android:name="com.huawei.android.launcher.permission.WRITE_SETTINGS" /> <!-- for ZUK -->
46-->[me.leolin:ShortcutBadger:1.1.22] AndroidManifest.xml:39:5-93
46-->[me.leolin:ShortcutBadger:1.1.22] AndroidManifest.xml:39:22-90
47    <uses-permission android:name="android.permission.READ_APP_BADGE" /> <!-- for OPPO -->
47-->[me.leolin:ShortcutBadger:1.1.22] AndroidManifest.xml:42:5-73
47-->[me.leolin:ShortcutBadger:1.1.22] AndroidManifest.xml:42:22-70
48    <uses-permission android:name="com.oppo.launcher.permission.READ_SETTINGS" />
48-->[me.leolin:ShortcutBadger:1.1.22] AndroidManifest.xml:45:5-82
48-->[me.leolin:ShortcutBadger:1.1.22] AndroidManifest.xml:45:22-79
49    <uses-permission android:name="com.oppo.launcher.permission.WRITE_SETTINGS" /> <!-- for EvMe -->
49-->[me.leolin:ShortcutBadger:1.1.22] AndroidManifest.xml:46:5-83
49-->[me.leolin:ShortcutBadger:1.1.22] AndroidManifest.xml:46:22-80
50    <uses-permission android:name="me.everything.badger.permission.BADGE_COUNT_READ" />
50-->[me.leolin:ShortcutBadger:1.1.22] AndroidManifest.xml:49:5-88
50-->[me.leolin:ShortcutBadger:1.1.22] AndroidManifest.xml:49:22-85
51    <uses-permission android:name="me.everything.badger.permission.BADGE_COUNT_WRITE" />
51-->[me.leolin:ShortcutBadger:1.1.22] AndroidManifest.xml:50:5-89
51-->[me.leolin:ShortcutBadger:1.1.22] AndroidManifest.xml:50:22-86
52
53    <application
53-->src\main\AndroidManifest.xml:5:3-16:17
54        android:name="com.nuchin.MainApplication"
54-->src\main\AndroidManifest.xml:5:16-47
55        android:allowBackup="false"
55-->src\main\AndroidManifest.xml:5:156-183
56        android:appComponentFactory="androidx.core.app.CoreComponentFactory"
56-->[androidx.core:core:1.7.0] AndroidManifest.xml:24:18-86
57        android:debuggable="true"
58        android:icon="@mipmap/ic_launcher"
58-->src\main\AndroidManifest.xml:5:81-115
59        android:label="@string/app_name"
59-->src\main\AndroidManifest.xml:5:48-80
60        android:roundIcon="@mipmap/ic_launcher"
60-->src\main\AndroidManifest.xml:5:116-155
61        android:theme="@style/AppTheme"
61-->src\main\AndroidManifest.xml:5:184-215
62        android:usesCleartextTraffic="true" >
62-->src\debug\AndroidManifest.xml:8:9-44
63        <activity
63-->src\debug\AndroidManifest.xml:11:9-111
64            android:name="com.facebook.react.devsupport.DevSettingsActivity"
64-->src\debug\AndroidManifest.xml:11:19-83
65            android:exported="false" />
65-->src\debug\AndroidManifest.xml:11:84-108
66
67        <meta-data
67-->src\main\AndroidManifest.xml:7:5-119
68            android:name="com.google.android.geo.API_KEY"
68-->src\main\AndroidManifest.xml:7:16-61
69            android:value="AIzaSyDhRb5grN41dVwygXXq5Mnf7brFRM4vxHQ" />
69-->src\main\AndroidManifest.xml:7:62-117
70
71        <activity
71-->src\main\AndroidManifest.xml:10:5-15:16
72            android:name="com.nuchin.MainActivity"
72-->src\main\AndroidManifest.xml:10:15-43
73            android:configChanges="keyboard|keyboardHidden|orientation|screenLayout|screenSize|smallestScreenSize|uiMode"
73-->src\main\AndroidManifest.xml:10:77-186
74            android:exported="true"
74-->src\main\AndroidManifest.xml:10:262-285
75            android:label="@string/app_name"
75-->src\main\AndroidManifest.xml:10:44-76
76            android:launchMode="singleTask"
76-->src\main\AndroidManifest.xml:10:187-218
77            android:windowSoftInputMode="adjustResize" >
77-->src\main\AndroidManifest.xml:10:219-261
78            <intent-filter>
78-->src\main\AndroidManifest.xml:11:7-14:23
79                <action android:name="android.intent.action.MAIN" />
79-->src\main\AndroidManifest.xml:12:9-61
79-->src\main\AndroidManifest.xml:12:17-58
80
81                <category android:name="android.intent.category.LAUNCHER" />
81-->src\main\AndroidManifest.xml:13:9-69
81-->src\main\AndroidManifest.xml:13:19-66
82            </intent-filter>
83        </activity> <!-- Needs to be explicitly declared on P+ -->
84        <uses-library
84-->[com.google.android.gms:play-services-maps:18.0.2] AndroidManifest.xml:39:9-41:40
85            android:name="org.apache.http.legacy"
85-->[com.google.android.gms:play-services-maps:18.0.2] AndroidManifest.xml:40:13-50
86            android:required="false" />
86-->[com.google.android.gms:play-services-maps:18.0.2] AndroidManifest.xml:41:13-37
87
88        <activity
88-->[com.google.android.gms:play-services-base:18.0.1] AndroidManifest.xml:20:9-22:45
89            android:name="com.google.android.gms.common.api.GoogleApiActivity"
89-->[com.google.android.gms:play-services-base:18.0.1] AndroidManifest.xml:20:19-85
90            android:exported="false"
90-->[com.google.android.gms:play-services-base:18.0.1] AndroidManifest.xml:22:19-43
91            android:theme="@android:style/Theme.Translucent.NoTitleBar" />
91-->[com.google.android.gms:play-services-base:18.0.1] AndroidManifest.xml:21:19-78
92
93        <provider
93-->[androidx.work:work-runtime:2.7.1] AndroidManifest.xml:31:9-39:20
94            android:name="androidx.startup.InitializationProvider"
94-->[androidx.work:work-runtime:2.7.1] AndroidManifest.xml:32:13-67
95            android:authorities="com.nuchin.androidx-startup"
95-->[androidx.work:work-runtime:2.7.1] AndroidManifest.xml:33:13-68
96            android:exported="false" >
96-->[androidx.work:work-runtime:2.7.1] AndroidManifest.xml:34:13-37
97            <meta-data
97-->[androidx.work:work-runtime:2.7.1] AndroidManifest.xml:36:13-38:52
98                android:name="androidx.work.WorkManagerInitializer"
98-->[androidx.work:work-runtime:2.7.1] AndroidManifest.xml:37:17-68
99                android:value="androidx.startup" />
99-->[androidx.work:work-runtime:2.7.1] AndroidManifest.xml:38:17-49
100            <meta-data
100-->[androidx.emoji2:emoji2:1.0.0] AndroidManifest.xml:31:13-33:52
101                android:name="androidx.emoji2.text.EmojiCompatInitializer"
101-->[androidx.emoji2:emoji2:1.0.0] AndroidManifest.xml:32:17-75
102                android:value="androidx.startup" />
102-->[androidx.emoji2:emoji2:1.0.0] AndroidManifest.xml:33:17-49
103            <meta-data
103-->[androidx.lifecycle:lifecycle-process:2.4.0] AndroidManifest.xml:31:13-33:52
104                android:name="androidx.lifecycle.ProcessLifecycleInitializer"
104-->[androidx.lifecycle:lifecycle-process:2.4.0] AndroidManifest.xml:32:17-78
105                android:value="androidx.startup" />
105-->[androidx.lifecycle:lifecycle-process:2.4.0] AndroidManifest.xml:33:17-49
106        </provider>
107
108        <service
108-->[androidx.work:work-runtime:2.7.1] AndroidManifest.xml:41:9-46:35
109            android:name="androidx.work.impl.background.systemalarm.SystemAlarmService"
109-->[androidx.work:work-runtime:2.7.1] AndroidManifest.xml:42:13-88
110            android:directBootAware="false"
110-->[androidx.work:work-runtime:2.7.1] AndroidManifest.xml:43:13-44
111            android:enabled="@bool/enable_system_alarm_service_default"
111-->[androidx.work:work-runtime:2.7.1] AndroidManifest.xml:44:13-72
112            android:exported="false" />
112-->[androidx.work:work-runtime:2.7.1] AndroidManifest.xml:45:13-37
113        <service
113-->[androidx.work:work-runtime:2.7.1] AndroidManifest.xml:47:9-53:35
114            android:name="androidx.work.impl.background.systemjob.SystemJobService"
114-->[androidx.work:work-runtime:2.7.1] AndroidManifest.xml:48:13-84
115            android:directBootAware="false"
115-->[androidx.work:work-runtime:2.7.1] AndroidManifest.xml:49:13-44
116            android:enabled="@bool/enable_system_job_service_default"
116-->[androidx.work:work-runtime:2.7.1] AndroidManifest.xml:50:13-70
117            android:exported="true"
117-->[androidx.work:work-runtime:2.7.1] AndroidManifest.xml:51:13-36
118            android:permission="android.permission.BIND_JOB_SERVICE" />
118-->[androidx.work:work-runtime:2.7.1] AndroidManifest.xml:52:13-69
119        <service
119-->[androidx.work:work-runtime:2.7.1] AndroidManifest.xml:54:9-59:35
120            android:name="androidx.work.impl.foreground.SystemForegroundService"
120-->[androidx.work:work-runtime:2.7.1] AndroidManifest.xml:55:13-81
121            android:directBootAware="false"
121-->[androidx.work:work-runtime:2.7.1] AndroidManifest.xml:56:13-44
122            android:enabled="@bool/enable_system_foreground_service_default"
122-->[androidx.work:work-runtime:2.7.1] AndroidManifest.xml:57:13-77
123            android:exported="false" />
123-->[androidx.work:work-runtime:2.7.1] AndroidManifest.xml:58:13-37
124
125        <receiver
125-->[androidx.work:work-runtime:2.7.1] AndroidManifest.xml:61:9-66:35
126            android:name="androidx.work.impl.utils.ForceStopRunnable$BroadcastReceiver"
126-->[androidx.work:work-runtime:2.7.1] AndroidManifest.xml:62:13-88
127            android:directBootAware="false"
127-->[androidx.work:work-runtime:2.7.1] AndroidManifest.xml:63:13-44
128            android:enabled="true"
128-->[androidx.work:work-runtime:2.7.1] AndroidManifest.xml:64:13-35
129            android:exported="false" />
129-->[androidx.work:work-runtime:2.7.1] AndroidManifest.xml:65:13-37
130        <receiver
130-->[androidx.work:work-runtime:2.7.1] AndroidManifest.xml:67:9-77:20
131            android:name="androidx.work.impl.background.systemalarm.ConstraintProxy$BatteryChargingProxy"
131-->[androidx.work:work-runtime:2.7.1] AndroidManifest.xml:68:13-106
132            android:directBootAware="false"
132-->[androidx.work:work-runtime:2.7.1] AndroidManifest.xml:69:13-44
133            android:enabled="false"
133-->[androidx.work:work-runtime:2.7.1] AndroidManifest.xml:70:13-36
134            android:exported="false" >
134-->[androidx.work:work-runtime:2.7.1] AndroidManifest.xml:71:13-37
135            <intent-filter>
135-->[androidx.work:work-runtime:2.7.1] AndroidManifest.xml:73:13-76:29
136                <action android:name="android.intent.action.ACTION_POWER_CONNECTED" />
136-->[androidx.work:work-runtime:2.7.1] AndroidManifest.xml:74:17-87
136-->[androidx.work:work-runtime:2.7.1] AndroidManifest.xml:74:25-84
137                <action android:name="android.intent.action.ACTION_POWER_DISCONNECTED" />
137-->[androidx.work:work-runtime:2.7.1] AndroidManifest.xml:75:17-90
137-->[androidx.work:work-runtime:2.7.1] AndroidManifest.xml:75:25-87
138            </intent-filter>
139        </receiver>
140        <receiver
140-->[androidx.work:work-runtime:2.7.1] AndroidManifest.xml:78:9-88:20
141            android:name="androidx.work.impl.background.systemalarm.ConstraintProxy$BatteryNotLowProxy"
141-->[androidx.work:work-runtime:2.7.1] AndroidManifest.xml:79:13-104
142            android:directBootAware="false"
142-->[androidx.work:work-runtime:2.7.1] AndroidManifest.xml:80:13-44
143            android:enabled="false"
143-->[androidx.work:work-runtime:2.7.1] AndroidManifest.xml:81:13-36
144            android:exported="false" >
144-->[androidx.work:work-runtime:2.7.1] AndroidManifest.xml:82:13-37
145            <intent-filter>
145-->[androidx.work:work-runtime:2.7.1] AndroidManifest.xml:84:13-87:29
146                <action android:name="android.intent.action.BATTERY_OKAY" />
146-->[androidx.work:work-runtime:2.7.1] AndroidManifest.xml:85:17-77
146-->[androidx.work:work-runtime:2.7.1] AndroidManifest.xml:85:25-74
147                <action android:name="android.intent.action.BATTERY_LOW" />
147-->[androidx.work:work-runtime:2.7.1] AndroidManifest.xml:86:17-76
147-->[androidx.work:work-runtime:2.7.1] AndroidManifest.xml:86:25-73
148            </intent-filter>
149        </receiver>
150        <receiver
150-->[androidx.work:work-runtime:2.7.1] AndroidManifest.xml:89:9-99:20
151            android:name="androidx.work.impl.background.systemalarm.ConstraintProxy$StorageNotLowProxy"
151-->[androidx.work:work-runtime:2.7.1] AndroidManifest.xml:90:13-104
152            android:directBootAware="false"
152-->[androidx.work:work-runtime:2.7.1] AndroidManifest.xml:91:13-44
153            android:enabled="false"
153-->[androidx.work:work-runtime:2.7.1] AndroidManifest.xml:92:13-36
154            android:exported="false" >
154-->[androidx.work:work-runtime:2.7.1] AndroidManifest.xml:93:13-37
155            <intent-filter>
155-->[androidx.work:work-runtime:2.7.1] AndroidManifest.xml:95:13-98:29
156                <action android:name="android.intent.action.DEVICE_STORAGE_LOW" />
156-->[androidx.work:work-runtime:2.7.1] AndroidManifest.xml:96:17-83
156-->[androidx.work:work-runtime:2.7.1] AndroidManifest.xml:96:25-80
157                <action android:name="android.intent.action.DEVICE_STORAGE_OK" />
157-->[androidx.work:work-runtime:2.7.1] AndroidManifest.xml:97:17-82
157-->[androidx.work:work-runtime:2.7.1] AndroidManifest.xml:97:25-79
158            </intent-filter>
159        </receiver>
160        <receiver
160-->[androidx.work:work-runtime:2.7.1] AndroidManifest.xml:100:9-109:20
161            android:name="androidx.work.impl.background.systemalarm.ConstraintProxy$NetworkStateProxy"
161-->[androidx.work:work-runtime:2.7.1] AndroidManifest.xml:101:13-103
162            android:directBootAware="false"
162-->[androidx.work:work-runtime:2.7.1] AndroidManifest.xml:102:13-44
163            android:enabled="false"
163-->[androidx.work:work-runtime:2.7.1] AndroidManifest.xml:103:13-36
164            android:exported="false" >
164-->[androidx.work:work-runtime:2.7.1] AndroidManifest.xml:104:13-37
165            <intent-filter>
165-->[androidx.work:work-runtime:2.7.1] AndroidManifest.xml:106:13-108:29
166                <action android:name="android.net.conn.CONNECTIVITY_CHANGE" />
166-->[androidx.work:work-runtime:2.7.1] AndroidManifest.xml:107:17-79
166-->[androidx.work:work-runtime:2.7.1] AndroidManifest.xml:107:25-76
167            </intent-filter>
168        </receiver>
169        <receiver
169-->[androidx.work:work-runtime:2.7.1] AndroidManifest.xml:110:9-121:20
170            android:name="androidx.work.impl.background.systemalarm.RescheduleReceiver"
170-->[androidx.work:work-runtime:2.7.1] AndroidManifest.xml:111:13-88
171            android:directBootAware="false"
171-->[androidx.work:work-runtime:2.7.1] AndroidManifest.xml:112:13-44
172            android:enabled="false"
172-->[androidx.work:work-runtime:2.7.1] AndroidManifest.xml:113:13-36
173            android:exported="false" >
173-->[androidx.work:work-runtime:2.7.1] AndroidManifest.xml:114:13-37
174            <intent-filter>
174-->[androidx.work:work-runtime:2.7.1] AndroidManifest.xml:116:13-120:29
175                <action android:name="android.intent.action.BOOT_COMPLETED" />
175-->[androidx.work:work-runtime:2.7.1] AndroidManifest.xml:117:17-79
175-->[androidx.work:work-runtime:2.7.1] AndroidManifest.xml:117:25-76
176                <action android:name="android.intent.action.TIME_SET" />
176-->[androidx.work:work-runtime:2.7.1] AndroidManifest.xml:118:17-73
176-->[androidx.work:work-runtime:2.7.1] AndroidManifest.xml:118:25-70
177                <action android:name="android.intent.action.TIMEZONE_CHANGED" />
177-->[androidx.work:work-runtime:2.7.1] AndroidManifest.xml:119:17-81
177-->[androidx.work:work-runtime:2.7.1] AndroidManifest.xml:119:25-78
178            </intent-filter>
179        </receiver>
180        <receiver
180-->[androidx.work:work-runtime:2.7.1] AndroidManifest.xml:122:9-131:20
181            android:name="androidx.work.impl.background.systemalarm.ConstraintProxyUpdateReceiver"
181-->[androidx.work:work-runtime:2.7.1] AndroidManifest.xml:123:13-99
182            android:directBootAware="false"
182-->[androidx.work:work-runtime:2.7.1] AndroidManifest.xml:124:13-44
183            android:enabled="@bool/enable_system_alarm_service_default"
183-->[androidx.work:work-runtime:2.7.1] AndroidManifest.xml:125:13-72
184            android:exported="false" >
184-->[androidx.work:work-runtime:2.7.1] AndroidManifest.xml:126:13-37
185            <intent-filter>
185-->[androidx.work:work-runtime:2.7.1] AndroidManifest.xml:128:13-130:29
186                <action android:name="androidx.work.impl.background.systemalarm.UpdateProxies" />
186-->[androidx.work:work-runtime:2.7.1] AndroidManifest.xml:129:17-98
186-->[androidx.work:work-runtime:2.7.1] AndroidManifest.xml:129:25-95
187            </intent-filter>
188        </receiver>
189        <receiver
189-->[androidx.work:work-runtime:2.7.1] AndroidManifest.xml:132:9-142:20
190            android:name="androidx.work.impl.diagnostics.DiagnosticsReceiver"
190-->[androidx.work:work-runtime:2.7.1] AndroidManifest.xml:133:13-78
191            android:directBootAware="false"
191-->[androidx.work:work-runtime:2.7.1] AndroidManifest.xml:134:13-44
192            android:enabled="true"
192-->[androidx.work:work-runtime:2.7.1] AndroidManifest.xml:135:13-35
193            android:exported="true"
193-->[androidx.work:work-runtime:2.7.1] AndroidManifest.xml:136:13-36
194            android:permission="android.permission.DUMP" >
194-->[androidx.work:work-runtime:2.7.1] AndroidManifest.xml:137:13-57
195            <intent-filter>
195-->[androidx.work:work-runtime:2.7.1] AndroidManifest.xml:139:13-141:29
196                <action android:name="androidx.work.diagnostics.REQUEST_DIAGNOSTICS" />
196-->[androidx.work:work-runtime:2.7.1] AndroidManifest.xml:140:17-88
196-->[androidx.work:work-runtime:2.7.1] AndroidManifest.xml:140:25-85
197            </intent-filter>
198        </receiver>
199
200        <service
200-->[androidx.room:room-runtime:2.2.5] AndroidManifest.xml:25:9-28:40
201            android:name="androidx.room.MultiInstanceInvalidationService"
201-->[androidx.room:room-runtime:2.2.5] AndroidManifest.xml:26:13-74
202            android:directBootAware="true"
202-->[androidx.room:room-runtime:2.2.5] AndroidManifest.xml:27:13-43
203            android:exported="false" />
203-->[androidx.room:room-runtime:2.2.5] AndroidManifest.xml:28:13-37
204
205        <meta-data
205-->[com.google.maps.android:android-maps-utils:0.5] AndroidManifest.xml:8:9-10:69
206            android:name="com.google.android.gms.version"
206-->[com.google.maps.android:android-maps-utils:0.5] AndroidManifest.xml:9:13-58
207            android:value="@integer/google_play_services_version" />
207-->[com.google.maps.android:android-maps-utils:0.5] AndroidManifest.xml:10:13-66
208
209        <service
209-->[com.google.android.gms:play-services-measurement-api:17.3.0] AndroidManifest.xml:27:9-33:19
210            android:name="com.google.firebase.components.ComponentDiscoveryService"
210-->[com.google.android.gms:play-services-measurement-api:17.3.0] AndroidManifest.xml:28:13-84
211            android:directBootAware="true"
211-->[com.google.firebase:firebase-common:19.5.0] AndroidManifest.xml:35:13-43
212            android:exported="false" >
212-->[com.google.android.gms:play-services-measurement-api:17.3.0] AndroidManifest.xml:29:13-37
213            <meta-data
213-->[com.google.android.gms:play-services-measurement-api:17.3.0] AndroidManifest.xml:30:13-32:85
214                android:name="com.google.firebase.components:com.google.firebase.analytics.connector.internal.AnalyticsConnectorRegistrar"
214-->[com.google.android.gms:play-services-measurement-api:17.3.0] AndroidManifest.xml:31:17-139
215                android:value="com.google.firebase.components.ComponentRegistrar" />
215-->[com.google.android.gms:play-services-measurement-api:17.3.0] AndroidManifest.xml:32:17-82
216            <meta-data
216-->[com.google.firebase:firebase-messaging:21.1.0] AndroidManifest.xml:52:13-54:85
217                android:name="com.google.firebase.components:com.google.firebase.messaging.FirebaseMessagingRegistrar"
217-->[com.google.firebase:firebase-messaging:21.1.0] AndroidManifest.xml:53:17-119
218                android:value="com.google.firebase.components.ComponentRegistrar" />
218-->[com.google.firebase:firebase-messaging:21.1.0] AndroidManifest.xml:54:17-82
219            <meta-data
219-->[com.google.firebase:firebase-iid:21.1.0] AndroidManifest.xml:32:13-34:85
220                android:name="com.google.firebase.components:com.google.firebase.iid.Registrar"
220-->[com.google.firebase:firebase-iid:21.1.0] AndroidManifest.xml:33:17-96
221                android:value="com.google.firebase.components.ComponentRegistrar" />
221-->[com.google.firebase:firebase-iid:21.1.0] AndroidManifest.xml:34:17-82
222            <meta-data
222-->[com.google.firebase:firebase-datatransport:17.0.10] AndroidManifest.xml:28:13-30:85
223                android:name="com.google.firebase.components:com.google.firebase.datatransport.TransportRegistrar"
223-->[com.google.firebase:firebase-datatransport:17.0.10] AndroidManifest.xml:29:17-115
224                android:value="com.google.firebase.components.ComponentRegistrar" />
224-->[com.google.firebase:firebase-datatransport:17.0.10] AndroidManifest.xml:30:17-82
225            <meta-data
225-->[com.google.firebase:firebase-installations:16.3.5] AndroidManifest.xml:18:13-20:85
226                android:name="com.google.firebase.components:com.google.firebase.installations.FirebaseInstallationsRegistrar"
226-->[com.google.firebase:firebase-installations:16.3.5] AndroidManifest.xml:19:17-127
227                android:value="com.google.firebase.components.ComponentRegistrar" />
227-->[com.google.firebase:firebase-installations:16.3.5] AndroidManifest.xml:20:17-82
228            <!--
229                This registrar is not defined in the dynamic-module-support sdk itself to allow non-firebase
230                clients to use it as well, by defining this registrar in their own core/common library.
231            -->
232            <meta-data
232-->[com.google.firebase:firebase-common:19.5.0] AndroidManifest.xml:43:13-45:85
233                android:name="com.google.firebase.components:com.google.firebase.dynamicloading.DynamicLoadingRegistrar"
233-->[com.google.firebase:firebase-common:19.5.0] AndroidManifest.xml:44:17-121
234                android:value="com.google.firebase.components.ComponentRegistrar" />
234-->[com.google.firebase:firebase-common:19.5.0] AndroidManifest.xml:45:17-82
235        </service>
236
237        <receiver
237-->[com.google.firebase:firebase-messaging:21.1.0] AndroidManifest.xml:28:9-35:20
238            android:name="com.google.firebase.iid.FirebaseInstanceIdReceiver"
238-->[com.google.firebase:firebase-messaging:21.1.0] AndroidManifest.xml:29:13-78
239            android:exported="true"
239-->[com.google.firebase:firebase-messaging:21.1.0] AndroidManifest.xml:30:13-36
240            android:permission="com.google.android.c2dm.permission.SEND" >
240-->[com.google.firebase:firebase-messaging:21.1.0] AndroidManifest.xml:31:13-73
241            <intent-filter>
241-->[com.google.firebase:firebase-messaging:21.1.0] AndroidManifest.xml:32:13-34:29
242                <action android:name="com.google.android.c2dm.intent.RECEIVE" />
242-->[com.google.firebase:firebase-messaging:21.1.0] AndroidManifest.xml:33:17-81
242-->[com.google.firebase:firebase-messaging:21.1.0] AndroidManifest.xml:33:25-78
243            </intent-filter>
244        </receiver>
245        <!--
246             FirebaseMessagingService performs security checks at runtime,
247             but set to not exported to explicitly avoid allowing another app to call it.
248        -->
249        <service
249-->[com.google.firebase:firebase-messaging:21.1.0] AndroidManifest.xml:41:9-48:19
250            android:name="com.google.firebase.messaging.FirebaseMessagingService"
250-->[com.google.firebase:firebase-messaging:21.1.0] AndroidManifest.xml:42:13-82
251            android:directBootAware="true"
251-->[com.google.firebase:firebase-messaging:21.1.0] AndroidManifest.xml:43:13-43
252            android:exported="false" >
252-->[com.google.firebase:firebase-messaging:21.1.0] AndroidManifest.xml:44:13-37
253            <intent-filter android:priority="-500" >
253-->[com.google.firebase:firebase-messaging:21.1.0] AndroidManifest.xml:45:13-47:29